<?xml version="1.0" encoding="UTF-8"?>
<testsuite xmlns:xsi="http://www.w3.org/2001/XMLSchema-instance" xsi:noNamespaceSchemaLocation="https://maven.apache.org/surefire/maven-surefire-plugin/xsd/surefire-test-report-3.0.xsd" version="3.0" name="DAA.Assignment1.ClosestPairTest" time="0.308" tests="2" errors="0" skipped="0" failures="0">
  <properties>
[...]
</properties>
  <testcase name="testClosestPairLarge" classname="DAA.Assignment1.ClosestPairTest" time="0.21">
    <system-out><![CDATA[ClosestPair large test done: n=20000
Time (ms): 110.2106
]]></system-out>
  </testcase>
  <testcase name="testClosestPairSmall" classname="DAA.Assignment1.ClosestPairTest" time="0.043">
    <system-out><![CDATA[ClosestPair small test passed: n=500
]]></system-out>
  </testcase>
</testsuite>